<?xml version="1.0" encoding="UTF-8"?>
<coverage generated="1786024370986" clover="3.2.0">
  <project timestamp="1786024370986" name="All files">
    <metrics statements="47" coveredstatements="44" conditionals="32" coveredconditionals="30" methods="5" coveredmethods="4" elements="84" coveredelements="78" complexity="0" loc="47" ncloc="47" packages="1" files="1" classes="1"/>
    <file name="libros.js" path="C:\xampp\htdocs\biblioteca-virtual\backend\routes\libros.js">
      <metrics statements="47" coveredstatements="44" conditionals="32" coveredconditionals="30" methods="5" coveredmethods="4"/>
      <line num="4" count="4" type="stmt"/>
      <line num="5" count="4" type="stmt"/>
      <line num="6" count="4" type="stmt"/>
      <line num="9" count="4" type="stmt"/>
      <line num="10" count="7" type="stmt"/>
      <line num="12" count="7" type="stmt"/>
      <line num="18" count="7" type="stmt"/>
      <line num="20" count="7" type="cond" truecount="2" falsecount="0"/>
      <line num="21" count="4" type="stmt"/>
      <line num="22" count="4" type="stmt"/>
      <line num="23" count="4" type="stmt"/>
      <line num="25" count="7" type="cond" truecount="2" falsecount="0"/>
      <line num="26" count="1" type="stmt"/>
      <line num="27" count="1" type="stmt"/>
      <line num="29" count="7" type="cond" truecount="2" falsecount="0"/>
      <line num="30" count="1" type="stmt"/>
      <line num="33" count="7" type="stmt"/>
      <line num="35" count="7" type="stmt"/>
      <line num="36" count="7" type="stmt"/>
      <line num="40" count="4" type="stmt"/>
      <line num="41" count="0" type="stmt"/>
      <line num="47" count="0" type="cond" truecount="0" falsecount="2"/>
      <line num="48" count="0" type="stmt"/>
      <line num="52" count="4" type="stmt"/>
      <line num="53" count="8" type="stmt"/>
      <line num="55" count="8" type="cond" truecount="4" falsecount="0"/>
      <line num="56" count="2" type="stmt"/>
      <line num="59" count="6" type="cond" truecount="4" falsecount="0"/>
      <line num="61" count="6" type="stmt"/>
      <line num="62" count="6" type="stmt"/>
      <line num="67" count="4" type="stmt"/>
      <line num="68" count="4" type="stmt"/>
      <line num="70" count="2" type="cond" truecount="2" falsecount="0"/>
      <line num="71" count="1" type="stmt"/>
      <line num="73" count="1" type="stmt"/>
      <line num="78" count="4" type="stmt"/>
      <line num="79" count="5" type="stmt"/>
      <line num="80" count="5" type="cond" truecount="2" falsecount="0"/>
      <line num="82" count="4" type="stmt"/>
      <line num="84" count="4" type="stmt"/>
      <line num="95" count="4" type="stmt"/>
      <line num="96" count="4" type="stmt"/>
      <line num="100" count="4" type="stmt"/>
      <line num="101" count="5" type="stmt"/>
      <line num="102" count="5" type="cond" truecount="2" falsecount="0"/>
      <line num="103" count="4" type="stmt"/>
      <line num="106" count="4" type="stmt"/>
    </file>
  </project>
</coverage>
