{"C:\\xampp\\htdocs\\biblioteca-virtual\\backend\\routes\\libros.js": {"path":"C:\\xampp\\htdocs\\biblioteca-virtual\\backend\\routes\\libros.js","statementMap":{"0":{"start":{"line":4,"column":16},"end":{"line":4,"column":34}},"1":{"start":{"line":5,"column":15},"end":{"line":5,"column":31}},"2":{"start":{"line":6,"column":11},"end":{"line":6,"column":36}},"3":{"start":{"line":9,"column":0},"end":{"line":37,"column":3}},"4":{"start":{"line":10,"column":42},"end":{"line":10,"column":51}},"5":{"start":{"line":12,"column":14},"end":{"line":17,"column":5}},"6":{"start":{"line":18,"column":19},"end":{"line":18,"column":21}},"7":{"start":{"line":20,"column":4},"end":{"line":24,"column":5}},"8":{"start":{"line":21,"column":8},"end":{"line":21,"column":75}},"9":{"start":{"line":22,"column":21},"end":{"line":22,"column":29}},"10":{"start":{"line":23,"column":8},"end":{"line":23,"column":38}},"11":{"start":{"line":25,"column":4},"end":{"line":28,"column":5}},"12":{"start":{"line":26,"column":8},"end":{"line":26,"column":35}},"13":{"start":{"line":27,"column":8},"end":{"line":27,"column":31}},"14":{"start":{"line":29,"column":4},"end":{"line":31,"column":5}},"15":{"start":{"line":30,"column":8},"end":{"line":30,"column":51}},"16":{"start":{"line":33,"column":4},"end":{"line":33,"column":36}},"17":{"start":{"line":35,"column":19},"end":{"line":35,"column":49}},"18":{"start":{"line":36,"column":4},"end":{"line":36,"column":21}},"19":{"start":{"line":40,"column":0},"end":{"line":49,"column":3}},"20":{"start":{"line":41,"column":18},"end":{"line":45,"column":25}},"21":{"start":{"line":47,"column":4},"end":{"line":47,"column":78}},"22":{"start":{"line":47,"column":16},"end":{"line":47,"column":78}},"23":{"start":{"line":48,"column":4},"end":{"line":48,"column":20}},"24":{"start":{"line":52,"column":0},"end":{"line":75,"column":3}},"25":{"start":{"line":53,"column":111},"end":{"line":53,"column":119}},"26":{"start":{"line":55,"column":4},"end":{"line":57,"column":5}},"27":{"start":{"line":56,"column":8},"end":{"line":56,"column":82}},"28":{"start":{"line":59,"column":18},"end":{"line":59,"column":105}},"29":{"start":{"line":61,"column":4},"end":{"line":74,"column":5}},"30":{"start":{"line":62,"column":21},"end":{"line":65,"column":144}},"31":{"start":{"line":67,"column":22},"end":{"line":67,"column":101}},"32":{"start":{"line":68,"column":8},"end":{"line":68,"column":36}},"33":{"start":{"line":70,"column":8},"end":{"line":72,"column":9}},"34":{"start":{"line":71,"column":12},"end":{"line":71,"column":86}},"35":{"start":{"line":73,"column":8},"end":{"line":73,"column":67}},"36":{"start":{"line":78,"column":0},"end":{"line":97,"column":3}},"37":{"start":{"line":79,"column":22},"end":{"line":79,"column":94}},"38":{"start":{"line":80,"column":4},"end":{"line":80,"column":82}},"39":{"start":{"line":80,"column":20},"end":{"line":80,"column":82}},"40":{"start":{"line":82,"column":18},"end":{"line":82,"column":47}},"41":{"start":{"line":84,"column":4},"end":{"line":93,"column":6}},"42":{"start":{"line":95,"column":24},"end":{"line":95,"column":96}},"43":{"start":{"line":96,"column":4},"end":{"line":96,"column":26}},"44":{"start":{"line":100,"column":0},"end":{"line":104,"column":3}},"45":{"start":{"line":101,"column":17},"end":{"line":101,"column":87}},"46":{"start":{"line":102,"column":4},"end":{"line":102,"column":90}},"47":{"start":{"line":102,"column":28},"end":{"line":102,"column":90}},"48":{"start":{"line":103,"column":4},"end":{"line":103,"column":27}},"49":{"start":{"line":106,"column":0},"end":{"line":106,"column":24}}},"fnMap":{"0":{"name":"(anonymous_0)","decl":{"start":{"line":9,"column":16},"end":{"line":9,"column":17}},"loc":{"start":{"line":9,"column":30},"end":{"line":37,"column":1}},"line":9},"1":{"name":"(anonymous_1)","decl":{"start":{"line":40,"column":19},"end":{"line":40,"column":20}},"loc":{"start":{"line":40,"column":33},"end":{"line":49,"column":1}},"line":40},"2":{"name":"(anonymous_2)","decl":{"start":{"line":52,"column":17},"end":{"line":52,"column":18}},"loc":{"start":{"line":52,"column":31},"end":{"line":75,"column":1}},"line":52},"3":{"name":"(anonymous_3)","decl":{"start":{"line":78,"column":19},"end":{"line":78,"column":20}},"loc":{"start":{"line":78,"column":33},"end":{"line":97,"column":1}},"line":78},"4":{"name":"(anonymous_4)","decl":{"start":{"line":100,"column":22},"end":{"line":100,"column":23}},"loc":{"start":{"line":100,"column":36},"end":{"line":104,"column":1}},"line":100}},"branchMap":{"0":{"loc":{"start":{"line":20,"column":4},"end":{"line":24,"column":5}},"type":"if","locations":[{"start":{"line":20,"column":4},"end":{"line":24,"column":5}},{"start":{},"end":{}}],"line":20},"1":{"loc":{"start":{"line":25,"column":4},"end":{"line":28,"column":5}},"type":"if","locations":[{"start":{"line":25,"column":4},"end":{"line":28,"column":5}},{"start":{},"end":{}}],"line":25},"2":{"loc":{"start":{"line":29,"column":4},"end":{"line":31,"column":5}},"type":"if","locations":[{"start":{"line":29,"column":4},"end":{"line":31,"column":5}},{"start":{},"end":{}}],"line":29},"3":{"loc":{"start":{"line":47,"column":4},"end":{"line":47,"column":78}},"type":"if","locations":[{"start":{"line":47,"column":4},"end":{"line":47,"column":78}},{"start":{},"end":{}}],"line":47},"4":{"loc":{"start":{"line":55,"column":4},"end":{"line":57,"column":5}},"type":"if","locations":[{"start":{"line":55,"column":4},"end":{"line":57,"column":5}},{"start":{},"end":{}}],"line":55},"5":{"loc":{"start":{"line":55,"column":8},"end":{"line":55,"column":25}},"type":"binary-expr","locations":[{"start":{"line":55,"column":8},"end":{"line":55,"column":15}},{"start":{"line":55,"column":19},"end":{"line":55,"column":25}}],"line":55},"6":{"loc":{"start":{"line":59,"column":18},"end":{"line":59,"column":105}},"type":"cond-expr","locations":[{"start":{"line":59,"column":83},"end":{"line":59,"column":101}},{"start":{"line":59,"column":104},"end":{"line":59,"column":105}}],"line":59},"7":{"loc":{"start":{"line":59,"column":18},"end":{"line":59,"column":80}},"type":"binary-expr","locations":[{"start":{"line":59,"column":18},"end":{"line":59,"column":54}},{"start":{"line":59,"column":58},"end":{"line":59,"column":80}}],"line":59},"8":{"loc":{"start":{"line":65,"column":30},"end":{"line":65,"column":42}},"type":"binary-expr","locations":[{"start":{"line":65,"column":30},"end":{"line":65,"column":34}},{"start":{"line":65,"column":38},"end":{"line":65,"column":42}}],"line":65},"9":{"loc":{"start":{"line":65,"column":44},"end":{"line":65,"column":68}},"type":"binary-expr","locations":[{"start":{"line":65,"column":44},"end":{"line":65,"column":60}},{"start":{"line":65,"column":64},"end":{"line":65,"column":68}}],"line":65},"10":{"loc":{"start":{"line":65,"column":70},"end":{"line":65,"column":90}},"type":"binary-expr","locations":[{"start":{"line":65,"column":70},"end":{"line":65,"column":82}},{"start":{"line":65,"column":86},"end":{"line":65,"column":90}}],"line":65},"11":{"loc":{"start":{"line":65,"column":92},"end":{"line":65,"column":108}},"type":"binary-expr","locations":[{"start":{"line":65,"column":92},"end":{"line":65,"column":100}},{"start":{"line":65,"column":104},"end":{"line":65,"column":108}}],"line":65},"12":{"loc":{"start":{"line":65,"column":110},"end":{"line":65,"column":129}},"type":"binary-expr","locations":[{"start":{"line":65,"column":110},"end":{"line":65,"column":121}},{"start":{"line":65,"column":125},"end":{"line":65,"column":129}}],"line":65},"13":{"loc":{"start":{"line":70,"column":8},"end":{"line":72,"column":9}},"type":"if","locations":[{"start":{"line":70,"column":8},"end":{"line":72,"column":9}},{"start":{},"end":{}}],"line":70},"14":{"loc":{"start":{"line":80,"column":4},"end":{"line":80,"column":82}},"type":"if","locations":[{"start":{"line":80,"column":4},"end":{"line":80,"column":82}},{"start":{},"end":{}}],"line":80},"15":{"loc":{"start":{"line":102,"column":4},"end":{"line":102,"column":90}},"type":"if","locations":[{"start":{"line":102,"column":4},"end":{"line":102,"column":90}},{"start":{},"end":{}}],"line":102}},"s":{"0":4,"1":4,"2":4,"3":4,"4":7,"5":7,"6":7,"7":7,"8":4,"9":4,"10":4,"11":7,"12":1,"13":1,"14":7,"15":1,"16":7,"17":7,"18":7,"19":4,"20":0,"21":0,"22":0,"23":0,"24":4,"25":8,"26":8,"27":2,"28":6,"29":6,"30":6,"31":4,"32":4,"33":2,"34":1,"35":1,"36":4,"37":5,"38":5,"39":1,"40":4,"41":4,"42":4,"43":4,"44":4,"45":5,"46":5,"47":1,"48":4,"49":4},"f":{"0":7,"1":0,"2":8,"3":5,"4":5},"b":{"0":[4,3],"1":[1,6],"2":[1,6],"3":[0,0],"4":[2,6],"5":[8,7],"6":[1,5],"7":[6,1],"8":[6,4],"9":[6,6],"10":[6,6],"11":[6,6],"12":[6,6],"13":[1,1],"14":[1,4],"15":[1,4]},"_coverageSchema":"1a1c01bbd47fc00a2c39e90264f33305004495a9","hash":"a7f2d909a09ee13d31eb598e213b8c5531e735cb"}
}
