TN:
SF:routes\libros.js
FN:9,(anonymous_0)
FN:40,(anonymous_1)
FN:52,(anonymous_2)
FN:78,(anonymous_3)
FN:100,(anonymous_4)
FNF:5
FNH:4
FNDA:7,(anonymous_0)
FNDA:0,(anonymous_1)
FNDA:8,(anonymous_2)
FNDA:5,(anonymous_3)
FNDA:5,(anonymous_4)
DA:4,4
DA:5,4
DA:6,4
DA:9,4
DA:10,7
DA:12,7
DA:18,7
DA:20,7
DA:21,4
DA:22,4
DA:23,4
DA:25,7
DA:26,1
DA:27,1
DA:29,7
DA:30,1
DA:33,7
DA:35,7
DA:36,7
DA:40,4
DA:41,0
DA:47,0
DA:48,0
DA:52,4
DA:53,8
DA:55,8
DA:56,2
DA:59,6
DA:61,6
DA:62,6
DA:67,4
DA:68,4
DA:70,2
DA:71,1
DA:73,1
DA:78,4
DA:79,5
DA:80,5
DA:82,4
DA:84,4
DA:95,4
DA:96,4
DA:100,4
DA:101,5
DA:102,5
DA:103,4
DA:106,4
LF:47
LH:44
BRDA:20,0,0,4
BRDA:20,0,1,3
BRDA:25,1,0,1
BRDA:25,1,1,6
BRDA:29,2,0,1
BRDA:29,2,1,6
BRDA:47,3,0,0
BRDA:47,3,1,0
BRDA:55,4,0,2
BRDA:55,4,1,6
BRDA:55,5,0,8
BRDA:55,5,1,7
BRDA:59,6,0,1
BRDA:59,6,1,5
BRDA:59,7,0,6
BRDA:59,7,1,1
BRDA:65,8,0,6
BRDA:65,8,1,4
BRDA:65,9,0,6
BRDA:65,9,1,6
BRDA:65,10,0,6
BRDA:65,10,1,6
BRDA:65,11,0,6
BRDA:65,11,1,6
BRDA:65,12,0,6
BRDA:65,12,1,6
BRDA:70,13,0,1
BRDA:70,13,1,1
BRDA:80,14,0,1
BRDA:80,14,1,4
BRDA:102,15,0,1
BRDA:102,15,1,4
BRF:32
BRH:30
end_of_record
